#
# A fatal error has been detected by the Java Runtime Environment:
#
#  SIGSEGV (0xb) at pc=0x00007ffb786d5dd8, pid=23385, tid=0x00007ffb5c485700
#
# JRE version: Java(TM) SE Runtime Environment (8.0_131-b11) (build 1.8.0_131-b11)
# Java VM: Java HotSpot(TM) 64-Bit Server VM (25.131-b11 mixed mode linux-amd64 compressed oops)
# Problematic frame:
# V  [libjvm.so+0x828dd8]  MachNode::memory_inputs(Node*&, Node*&) const+0x108
#
# Failed to write core dump. Core dumps have been disabled. To enable core dumping, try "ulimit -c unlimited" before starting Java again
#
# If you would like to submit a bug report, please visit:
#   http://bugreport.java.com/bugreport/crash.jsp
#

---------------  T H R E A D  ---------------

Current thread (0x00007ffb700be800):  JavaThread "C2 CompilerThread1" daemon [_thread_in_native, id=23401, stack(0x00007ffb5c385000,0x00007ffb5c486000)]

siginfo: si_signo: 11 (SIGSEGV), si_code: 128 (SI_KERNEL), si_addr: 0x0000000000000000

Registers:
RAX=0x00007ffb340061d8, RBX=0x00000000ffffffff, RCX=0x000000000000001f, RDX=0x00000000ffffffff
RSP=0x00007ffb5c4817c0, RBP=0x00007ffb5c481800, RSI=0x00007ffb5c481820, RDI=0x00007ffb34006198
R8 =0x00007ffb34006198, R9 =0x0000000000000004, R10=0x0000000000000004, R11=0x0000000000000007
R12=0xffffff78853948ff, R13=0x00007ffb34006198, R14=0x00000000ffffffff, R15=0x00007ffb5c481820
RIP=0x00007ffb786d5dd8, EFLAGS=0x0000000000010286, CSGSFS=0xffff000000000033, ERR=0x0000000000000000
  TRAPNO=0x000000000000000d

Top of Stack: (sp=0x00007ffb5c4817c0)
0x00007ffb5c4817c0:   00007ffb340ee0b0 00007ffb5c481818
0x00007ffb5c4817d0:   0000000000000002 0000000000000003
0x00007ffb5c4817e0:   00007ffb34006198 00007ffb5c481950
0x00007ffb5c4817f0:   00007ffb5c481958 0000000000000001
0x00007ffb5c481800:   00007ffb5c481850 00007ffb786d5e6f
0x00007ffb5c481810:   00007ffb340ee170 0000000000000000
0x00007ffb5c481820:   0000000000000000 0000000000000003
0x00007ffb5c481830:   00007ffb34006198 00007ffb340edf94
0x00007ffb5c481840:   0000000000000001 0000000000000001
0x00007ffb5c481850:   00007ffb5c481990 00007ffb781eec85
0x00007ffb5c481860:   0000000000270000 00007ffb34006198
0x00007ffb5c481870:   00007ffb5c481930 0000000000000018
0x00007ffb5c481880:   000000000000001c 0000000770018ff0
0x00007ffb5c481890:   0000000100000004 00007ffb5c481958
0x00007ffb5c4818a0:   00007ffb5c481950 00007ffb5c481930
0x00007ffb5c4818b0:   00007ffb5c481900 00007ffb7885e410
0x00007ffb5c4818c0:   00007ffb5c483ec0 0000000000000007
0x00007ffb5c4818d0:   00007ffb5c483160 00000007000000cc
0x00007ffb5c4818e0:   00007ffb340ed470 00007ffb7001e180
0x00007ffb5c4818f0:   00000000000000cc 0000000a7818061a
0x00007ffb5c481900:   00007ffb3401ab90 00007ffb34183858
0x00007ffb5c481910:   00007ffb340ed5a0 0000000000000020
0x00007ffb5c481920:   ffffffffffffffdf 00007ffb5c483030
0x00007ffb5c481930:   00007ffb00000010 00007ffb7001e180
0x00007ffb5c481940:   00007ffb340edfb0 00007ffb0000000e
0x00007ffb5c481950:   0000000000000008 0000000000000000
0x00007ffb5c481960:   00007ffb700be800 00007ffb340ec7b0
0x00007ffb5c481970:   00007ffb5c4846d0 00007ffb340207a0
0x00007ffb5c481980:   00007ffb5c483160 000000000000005b
0x00007ffb5c481990:   00007ffb5c4819f0 00007ffb787ea33d
0x00007ffb5c4819a0:   0000000000000001 00007ffb5c483ec0
0x00007ffb5c4819b0:   00007ffb30112ff0 00007ffb5c484058 

Instructions: (pc=0x00007ffb786d5dd8)
0x00007ffb786d5db8:   0f 1f 84 00 00 00 00 00 49 89 07 48 8b 45 c8 4c
0x00007ffb786d5dc8:   89 20 eb d3 49 8b 45 38 89 da 41 be ff ff ff ff
0x00007ffb786d5dd8:   48 8b 3c d0 48 8b 07 ff 50 08 85 c0 0f 84 6e ff
0x00007ffb786d5de8:   ff ff 49 8b 45 00 4c 89 ef ff 90 c8 00 00 00 83 

Register to memory mapping:

RAX=0x00007ffb340061d8 is an unknown value
RBX=0x00000000ffffffff is an unallocated location in the heap
RCX=0x000000000000001f is an unknown value
RDX=0x00000000ffffffff is an unallocated location in the heap
RSP=0x00007ffb5c4817c0 is pointing into the stack for thread: 0x00007ffb700be800
RBP=0x00007ffb5c481800 is pointing into the stack for thread: 0x00007ffb700be800
RSI=0x00007ffb5c481820 is pointing into the stack for thread: 0x00007ffb700be800
RDI=0x00007ffb34006198 is an unknown value
R8 =0x00007ffb34006198 is an unknown value
R9 =0x0000000000000004 is an unknown value
R10=0x0000000000000004 is an unknown value
R11=0x0000000000000007 is an unknown value
R12=0xffffff78853948ff is an unknown value
R13=0x00007ffb34006198 is an unknown value
R14=0x00000000ffffffff is an unallocated location in the heap
R15=0x00007ffb5c481820 is pointing into the stack for thread: 0x00007ffb700be800


Stack: [0x00007ffb5c385000,0x00007ffb5c486000],  sp=0x00007ffb5c4817c0,  free space=1009k
Native frames: (J=compiled Java code, j=interpreted, Vv=VM code, C=native code)
V  [libjvm.so+0x828dd8]  MachNode::memory_inputs(Node*&, Node*&) const+0x108
V  [libjvm.so+0x828e6f]  MachNode::get_base_and_disp(long&, TypePtr const*&) const+0x2f
V  [libjvm.so+0x341c85]  Compile::BuildOopMaps()+0xb25
V  [libjvm.so+0x93d33d]  Compile::Output()+0x6cd
V  [libjvm.so+0x4a3ddb]  Compile::Code_Gen()+0x31b
V  [libjvm.so+0x4a65a1]  Compile::Compile(ciEnv*, C2Compiler*, ciMethod*, int, bool, bool, bool)+0x14b1
V  [libjvm.so+0x3f2ef5]  C2Compiler::compile_method(ciEnv*, ciMethod*, int)+0x1f5
V  [libjvm.so+0x4b0aea]  CompileBroker::invoke_compiler_on_method(CompileTask*)+0xc9a
V  [libjvm.so+0x4b1a96]  CompileBroker::compiler_thread_loop()+0x5d6
V  [libjvm.so+0xa76833]  JavaThread::thread_main_inner()+0x103
V  [libjvm.so+0xa7697c]  JavaThread::run()+0x11c
V  [libjvm.so+0x927568]  java_start(Thread*)+0x108
C  [libpthread.so.0+0x8184]  start_thread+0xc4


Current CompileTask:
C2:   5817  999       4       java.util.HashMap::put (13 bytes)


---------------  P R O C E S S  ---------------

Java Threads: ( => current thread )
  0x00007ffb700c3000 JavaThread "Service Thread" daemon [_thread_blocked, id=23403, stack(0x00007ffb5c183000,0x00007ffb5c284000)]
  0x00007ffb700c0800 JavaThread "C1 CompilerThread2" daemon [_thread_blocked, id=23402, stack(0x00007ffb5c284000,0x00007ffb5c385000)]
=>0x00007ffb700be800 JavaThread "C2 CompilerThread1" daemon [_thread_in_native, id=23401, stack(0x00007ffb5c385000,0x00007ffb5c486000)]
  0x00007ffb700bc000 JavaThread "C2 CompilerThread0" daemon [_thread_blocked, id=23400, stack(0x00007ffb5c486000,0x00007ffb5c587000)]
  0x00007ffb700ba800 JavaThread "Signal Dispatcher" daemon [_thread_blocked, id=23399, stack(0x00007ffb5c587000,0x00007ffb5c688000)]
  0x00007ffb70086000 JavaThread "Finalizer" daemon [_thread_blocked, id=23398, stack(0x00007ffb5cd6b000,0x00007ffb5ce6c000)]
  0x00007ffb70081800 JavaThread "Reference Handler" daemon [_thread_blocked, id=23397, stack(0x00007ffb5ce6c000,0x00007ffb5cf6d000)]
  0x00007ffb7000c000 JavaThread "main" [_thread_in_vm, id=23387, stack(0x00007ffb799a4000,0x00007ffb79aa5000)]

Other Threads:
  0x00007ffb7007a000 VMThread [stack: 0x00007ffb5cf6d000,0x00007ffb5d06e000] [id=23396]
  0x00007ffb700c6000 WatcherThread [stack: 0x00007ffb5c082000,0x00007ffb5c183000] [id=23404]

VM state:not at safepoint (normal execution)

VM Mutex/Monitor currently owned by a thread: None

Heap:
 PSYoungGen      total 36864K, used 9876K [0x00000000d6f80000, 0x00000000d9880000, 0x0000000100000000)
  eden space 31744K, 15% used [0x00000000d6f80000,0x00000000d742a838,0x00000000d8e80000)
  from space 5120K, 99% used [0x00000000d8e80000,0x00000000d937aa60,0x00000000d9380000)
  to   space 5120K, 0% used [0x00000000d9380000,0x00000000d9380000,0x00000000d9880000)
 ParOldGen       total 84992K, used 2284K [0x0000000084e00000, 0x000000008a100000, 0x00000000d6f80000)
  object space 84992K, 2% used [0x0000000084e00000,0x000000008503b190,0x000000008a100000)
 Metaspace       used 14543K, capacity 14706K, committed 14848K, reserved 1062912K
  class space    used 1699K, capacity 1769K, committed 1792K, reserved 1048576K

Card table byte_map: [0x00007ffb76375000,0x00007ffb7674f000] byte_map_base: 0x00007ffb75f4e000

Marking Bits: (ParMarkBitMap*) 0x00007ffb78e72f60
 Begin Bits: [0x00007ffb5d270000, 0x00007ffb5f138000)
 End Bits:   [0x00007ffb5f138000, 0x00007ffb61000000)

Polling page: 0x00007ffb79ac0000

CodeCache: size=245760Kb used=3652Kb max_used=3652Kb free=242107Kb
 bounds [0x00007ffb61000000, 0x00007ffb613a0000, 0x00007ffb70000000]
 total_blobs=1415 nmethods=991 adapters=336
 compilation: enabled

Compilation events (10 events):
Event: 5,754 Thread 0x00007ffb700c0800 nmethod 994 0x00007ffb6138d110 code [0x00007ffb6138d280, 0x00007ffb6138d410]
Event: 5,754 Thread 0x00007ffb700c0800  995       3       java.nio.HeapByteBuffer::_get (7 bytes)
Event: 5,754 Thread 0x00007ffb700c0800 nmethod 995 0x00007ffb6138cd50 code [0x00007ffb6138cec0, 0x00007ffb6138d030]
Event: 5,761 Thread 0x00007ffb700c0800  996       3       sun.misc.ProxyGenerator$ConstantPool::getNameAndType (30 bytes)
Event: 5,761 Thread 0x00007ffb700c0800 nmethod 996 0x00007ffb6138df10 code [0x00007ffb6138e100, 0x00007ffb6138e7e8]
Event: 5,761 Thread 0x00007ffb700c0800  997       3       java.util.HashMap::get (23 bytes)
Event: 5,762 Thread 0x00007ffb700c0800 nmethod 997 0x00007ffb6138c650 code [0x00007ffb6138c7e0, 0x00007ffb6138cbd8]
Event: 5,762 Thread 0x00007ffb700c0800  998       3       sun.misc.ProxyGenerator::dotToSlash (9 bytes)
Event: 5,762 Thread 0x00007ffb700c0800 nmethod 998 0x00007ffb6138dad0 code [0x00007ffb6138dc40, 0x00007ffb6138de48]
Event: 5,807 Thread 0x00007ffb700be800  999       4       java.util.HashMap::put (13 bytes)

GC Heap History (2 events):
Event: 5,352 GC heap before
{Heap before GC invocations=1 (full 0):
 PSYoungGen      total 36864K, used 31744K [0x00000000d6f80000, 0x00000000d9880000, 0x0000000100000000)
  eden space 31744K, 100% used [0x00000000d6f80000,0x00000000d8e80000,0x00000000d8e80000)
  from space 5120K, 0% used [0x00000000d9380000,0x00000000d9380000,0x00000000d9880000)
  to   space 5120K, 0% used [0x00000000d8e80000,0x00000000d8e80000,0x00000000d9380000)
 ParOldGen       total 84992K, used 0K [0x0000000084e00000, 0x000000008a100000, 0x00000000d6f80000)
  object space 84992K, 0% used [0x0000000084e00000,0x0000000084e00000,0x000000008a100000)
 Metaspace       used 13749K, capacity 13874K, committed 13952K, reserved 1060864K
  class space    used 1590K, capacity 1641K, committed 1664K, reserved 1048576K
Event: 5,363 GC heap after
Heap after GC invocations=1 (full 0):
 PSYoungGen      total 36864K, used 5098K [0x00000000d6f80000, 0x00000000d9880000, 0x0000000100000000)
  eden space 31744K, 0% used [0x00000000d6f80000,0x00000000d6f80000,0x00000000d8e80000)
  from space 5120K, 99% used [0x00000000d8e80000,0x00000000d937aa60,0x00000000d9380000)
  to   space 5120K, 0% used [0x00000000d9380000,0x00000000d9380000,0x00000000d9880000)
 ParOldGen       total 84992K, used 2284K [0x0000000084e00000, 0x000000008a100000, 0x00000000d6f80000)
  object space 84992K, 2% used [0x0000000084e00000,0x000000008503b190,0x000000008a100000)
 Metaspace       used 13749K, capacity 13874K, committed 13952K, reserved 1060864K
  class space    used 1590K, capacity 1641K, committed 1664K, reserved 1048576K
}

Deoptimization events (5 events):
Event: 1,878 Thread 0x00007ffb7000c000 Uncommon trap: reason=unstable_if action=reinterpret pc=0x00007ffb611b6e14 method=java.lang.String.replace(CC)Ljava/lang/String; @ 26
Event: 3,113 Thread 0x00007ffb7000c000 Uncommon trap: reason=unstable_if action=reinterpret pc=0x00007ffb611b5c88 method=java.lang.String.indexOf([CII[CIII)I @ 134
Event: 3,677 Thread 0x00007ffb7000c000 Uncommon trap: reason=unstable_if action=reinterpret pc=0x00007ffb612ad924 method=java.lang.String.indexOf([CII[CIII)I @ 3
Event: 5,761 Thread 0x00007ffb7000c000 Uncommon trap: reason=unstable_if action=reinterpret pc=0x00007ffb612c0f7c method=java.util.HashMap.getNode(ILjava/lang/Object;)Ljava/util/HashMap$Node; @ 129
Event: 5,761 Thread 0x00007ffb7000c000 Uncommon trap: reason=bimorphic action=maybe_recompile pc=0x00007ffb613124ac method=java.util.HashMap.putVal(ILjava/lang/Object;Ljava/lang/Object;ZZ)Ljava/lang/Object; @ 203

Internal exceptions (10 events):
Event: 3,377 Thread 0x00007ffb7000c000 Exception <a 'java/lang/ClassNotFoundException': org/apache/log4j/AppenderSkeletonCustomizer> (0x00000000d8204140) thrown at [/HUDSON/workspace/8-2-build-linux-amd64/jdk8u131/8869/hotspot/src/share/vm/classfile/systemDictionary.cpp, line 210]
Event: 3,380 Thread 0x00007ffb7000c000 Exception <a 'java/lang/ClassNotFoundException': org/apache/log4j/WriterAppenderCustomizer> (0x00000000d8224818) thrown at [/HUDSON/workspace/8-2-build-linux-amd64/jdk8u131/8869/hotspot/src/share/vm/classfile/systemDictionary.cpp, line 210]
Event: 3,382 Thread 0x00007ffb7000c000 Exception <a 'java/lang/ClassNotFoundException': org/apache/log4j/ConsoleAppenderCustomizer> (0x00000000d823ce38) thrown at [/HUDSON/workspace/8-2-build-linux-amd64/jdk8u131/8869/hotspot/src/share/vm/classfile/systemDictionary.cpp, line 210]
Event: 3,795 Thread 0x00007ffb7000c000 Exception <a 'java/lang/ArrayIndexOutOfBoundsException'> (0x00000000d8463108) thrown at [/HUDSON/workspace/8-2-build-linux-amd64/jdk8u131/8869/hotspot/src/share/vm/runtime/sharedRuntime.cpp, line 605]
Event: 3,795 Thread 0x00007ffb7000c000 Exception <a 'java/lang/ArrayIndexOutOfBoundsException'> (0x00000000d8464940) thrown at [/HUDSON/workspace/8-2-build-linux-amd64/jdk8u131/8869/hotspot/src/share/vm/runtime/sharedRuntime.cpp, line 605]
Event: 3,877 Thread 0x00007ffb7000c000 Exception <a 'java/lang/ArrayIndexOutOfBoundsException'> (0x00000000d848c5f8) thrown at [/HUDSON/workspace/8-2-build-linux-amd64/jdk8u131/8869/hotspot/src/share/vm/runtime/sharedRuntime.cpp, line 605]
Event: 3,877 Thread 0x00007ffb7000c000 Exception <a 'java/lang/ArrayIndexOutOfBoundsException'> (0x00000000d848d7e8) thrown at [/HUDSON/workspace/8-2-build-linux-amd64/jdk8u131/8869/hotspot/src/share/vm/runtime/sharedRuntime.cpp, line 605]
Event: 3,877 Thread 0x00007ffb7000c000 Exception <a 'java/lang/ArrayIndexOutOfBoundsException'> (0x00000000d848ed80) thrown at [/HUDSON/workspace/8-2-build-linux-amd64/jdk8u131/8869/hotspot/src/share/vm/runtime/sharedRuntime.cpp, line 605]
Event: 3,911 Thread 0x00007ffb7000c000 Exception <a 'java/lang/ArrayIndexOutOfBoundsException'> (0x00000000d84b4308) thrown at [/HUDSON/workspace/8-2-build-linux-amd64/jdk8u131/8869/hotspot/src/share/vm/runtime/sharedRuntime.cpp, line 605]
Event: 3,937 Thread 0x00007ffb7000c000 Exception <a 'java/lang/ArrayIndexOutOfBoundsException'> (0x00000000d84c44a0) thrown at [/HUDSON/workspace/8-2-build-linux-amd64/jdk8u131/8869/hotspot/src/share/vm/runtime/sharedRuntime.cpp, line 605]

Events (10 events):
Event: 5,803 loading class org/apache/hadoop/metrics2/lib/MetricsSourceBuilder$1
Event: 5,803 loading class org/apache/hadoop/metrics2/lib/MetricsSourceBuilder$1 done
Event: 5,803 loading class org/apache/hadoop/metrics2/lib/UniqueNames$Count
Event: 5,803 loading class org/apache/hadoop/metrics2/lib/UniqueNames$Count done
Event: 5,804 loading class org/apache/hadoop/metrics2/impl/MetricsSystemImpl$1
Event: 5,804 loading class org/apache/hadoop/metrics2/impl/MetricsSystemImpl$1 done
Event: 5,804 loading class org/apache/hadoop/metrics2/MetricsSystem$AbstractCallback
Event: 5,804 loading class org/apache/hadoop/metrics2/MetricsSystem$AbstractCallback done
Event: 5,806 loading class org/apache/hadoop/metrics2/impl/MetricsSystemImpl$3
Event: 5,806 loading class org/apache/hadoop/metrics2/impl/MetricsSystemImpl$3 done


Dynamic libraries:
00400000-00401000 r-xp 00000000 08:02 50204215                           /usr/lib/jvm/java-8-oracle/bin/java
00600000-00601000 rw-p 00000000 08:02 50204215                           /usr/lib/jvm/java-8-oracle/bin/java
021ea000-0220b000 rw-p 00000000 00:00 0                                  [heap]
84e00000-8a100000 rw-p 00000000 00:00 0 
8a100000-d6f80000 ---p 00000000 00:00 0 
d6f80000-d9880000 rw-p 00000000 00:00 0 
d9880000-100000000 ---p 00000000 00:00 0 
100000000-1001c0000 rw-p 00000000 00:00 0 
1001c0000-140000000 ---p 00000000 00:00 0 
7ffb27316000-7ffb273d8000 rw-p 00000000 00:00 0 
7ffb273d8000-7ffb27518000 ---p 00000000 00:00 0 
7ffb27518000-7ffb27718000 rw-p 00000000 00:00 0 
7ffb27718000-7ffb27729000 r-xp 00000000 08:02 50204783                   /usr/lib/jvm/java-8-oracle/jre/lib/amd64/libnio.so
7ffb27729000-7ffb27928000 ---p 00011000 08:02 50204783                   /usr/lib/jvm/java-8-oracle/jre/lib/amd64/libnio.so
7ffb27928000-7ffb27929000 rw-p 00010000 08:02 50204783                   /usr/lib/jvm/java-8-oracle/jre/lib/amd64/libnio.so
7ffb27929000-7ffb2793f000 r-xp 00000000 08:02 50204753                   /usr/lib/jvm/java-8-oracle/jre/lib/amd64/libnet.so
7ffb2793f000-7ffb27b3f000 ---p 00016000 08:02 50204753                   /usr/lib/jvm/java-8-oracle/jre/lib/amd64/libnet.so
7ffb27b3f000-7ffb27b40000 rw-p 00016000 08:02 50204753                   /usr/lib/jvm/java-8-oracle/jre/lib/amd64/libnet.so
7ffb27b40000-7ffb27b49000 r-xp 00000000 08:02 50204786                   /usr/lib/jvm/java-8-oracle/jre/lib/amd64/libmanagement.so
7ffb27b49000-7ffb27d48000 ---p 00009000 08:02 50204786                   /usr/lib/jvm/java-8-oracle/jre/lib/amd64/libmanagement.so
7ffb27d48000-7ffb27d49000 rw-p 00008000 08:02 50204786                   /usr/lib/jvm/java-8-oracle/jre/lib/amd64/libmanagement.so
7ffb27d49000-7ffb27f49000 rw-p 00000000 00:00 0 
7ffb27f49000-7ffb27f64000 r--s 00122000 08:02 6422802                    /home/ygrati/.m2/repository/org/apache/logging/log4j/log4j-core/2.7/log4j-core-2.7.jar
7ffb27f64000-7ffb27f69000 r--s 00031000 08:02 6422800                    /home/ygrati/.m2/repository/org/apache/logging/log4j/log4j-api/2.7/log4j-api-2.7.jar
7ffb27f69000-7ffb27f6b000 r--s 00100000 08:02 6686020                    /home/ygrati/.m2/repository/org/xerial/snappy/snappy-java/1.1.2.6/snappy-java-1.1.2.6.jar
7ffb27f6b000-7ffb27f6d000 r--s 00038000 08:02 6686018                    /home/ygrati/.m2/repository/net/jpountz/lz4/lz4/1.3.0/lz4-1.3.0.jar
7ffb27f6d000-7ffb27f86000 r--s 00141000 08:02 6686016                    /home/ygrati/.m2/repository/org/apache/kafka/kafka-clients/0.11.0.0/kafka-clients-0.11.0.0.jar
7ffb27f86000-7ffb27f8d000 r--s 0003f000 08:02 7078208                    /home/ygrati/.m2/repository/org/yaml/snakeyaml/1.18/snakeyaml-1.18.jar
7ffb27f8d000-7ffb27f8f000 r--s 00005000 08:02 6292531                    /home/ygrati/.m2/repository/org/slf4j/slf4j-api/1.7.5/slf4j-api-1.7.5.jar
7ffb27f8f000-7ffb27f93000 r--s 00028000 08:02 7078285                    /home/ygrati/.m2/repository/org/apache/hive/hive-storage-api/2.2.1/hive-storage-api-2.2.1.jar
7ffb27f93000-7ffb27f97000 r--s 00014000 08:02 6292614                    /home/ygrati/.m2/repository/org/tukaani/xz/1.0/xz-1.0.jar
7ffb27f97000-7ffb27f9c000 r--s 00036000 08:02 6292612                    /home/ygrati/.m2/repository/org/apache/commons/commons-compress/1.4.1/commons-compress-1.4.1.jar
7ffb27f9c000-7ffb27fb4000 r--s 00110000 08:02 6292882                    /home/ygrati/.m2/repository/io/netty/netty/3.7.0.Final/netty-3.7.0.Final.jar
7ffb27fb4000-7ffb27fc0000 r--s 000b6000 08:02 6292547                    /home/ygrati/.m2/repository/org/apache/zookeeper/zookeeper/3.4.6/zookeeper-3.4.6.jar
7ffb27fc0000-7ffb27fc2000 r--s 00006000 08:02 6292527                    /home/ygrati/.m2/repository/org/htrace/htrace-core/3.0.4/htrace-core-3.0.4.jar
7ffb27fc2000-7ffb27fc4000 r--s 0000f000 08:02 6292606                    /home/ygrati/.m2/repository/org/apache/curator/curator-client/2.6.0/curator-client-2.6.0.jar
7ffb27fc4000-7ffb27fc7000 r--s 0002b000 08:02 6292604                    /home/ygrati/.m2/repository/com/jcraft/jsch/0.1.42/jsch-0.1.42.jar
7ffb27fc7000-7ffb27fcd000 r--s 00028000 08:02 6292551                    /home/ygrati/.m2/repository/org/apache/curator/curator-framework/2.6.0/curator-framework-2.6.0.jar
7ffb27fcd000-7ffb27fcf000 r--s 00012000 08:02 6292545                    /home/ygrati/.m2/repository/org/apache/directory/api/api-util/1.0.0-M20/api-util-1.0.0-M20.jar
7ffb27fcf000-7ffb27fd1000 r--s 00003000 08:02 6292543                    /home/ygrati/.m2/repository/org/apache/directory/api/api-asn1-api/1.0.0-M20/api-asn1-api-1.0.0-M20.jar
7ffb27fd1000-7ffb27fd2000 r--s 0000a000 08:02 6292541                    /home/ygrati/.m2/repository/org/apache/directory/server/apacheds-i18n/2.0.0-M15/apacheds-i18n-2.0.0-M15.jar
7ffb27fd2000-7ffb27fe4000 r--s 00097000 08:02 6292539                    /home/ygrati/.m2/repository/org/apache/directory/server/apacheds-kerberos-codec/2.0.0-M15/apacheds-kerberos-codec-2.0.0-M15.jar
7ffb27fe4000-7ffb27fea000 r--s 00032000 08:02 6292537                    /home/ygrati/.m2/repository/org/apache/httpcomponents/httpcore/4.2.4/httpcore-4.2.4.jar
7ffb27fea000-7ffb27ff3000 r--s 00061000 08:02 6292535                    /home/ygrati/.m2/repository/org/apache/httpcomponents/httpclient/4.2.5/httpclient-4.2.5.jar
7ffb27ff3000-7ffb27ff5000 r--s 0000f000 08:02 7078295                    /home/ygrati/.m2/repository/org/apache/hadoop/hadoop-auth/2.6.4/hadoop-auth-2.6.4.jar
7ffb27ff5000-7ffb27ffa000 r--s 0002a000 08:02 6292602                    /home/ygrati/.m2/repository/com/google/code/gson/gson/2.2.4/gson-2.2.4.jar
7ffb27ffa000-7ffb27ffe000 r--s 00035000 08:02 6292513                    /home/ygrati/.m2/repository/org/codehaus/jackson/jackson-core-asl/1.9.13/jackson-core-asl-1.9.13.jar
7ffb27ffe000-7ffb28000000 r--s 00001000 08:02 6292533                    /home/ygrati/.m2/repository/org/slf4j/slf4j-log4j12/1.7.5/slf4j-log4j12-1.7.5.jar
7ffb28000000-7ffb28021000 rw-p 00000000 00:00 0 
7ffb28021000-7ffb2c000000 ---p 00000000 00:00 0 
7ffb2c000000-7ffb2c021000 rw-p 00000000 00:00 0 
7ffb2c021000-7ffb30000000 ---p 00000000 00:00 0 
7ffb30000000-7ffb303a4000 rw-p 00000000 00:00 0 
7ffb303a4000-7ffb34000000 ---p 00000000 00:00 0 
7ffb34000000-7ffb3441f000 rw-p 00000000 00:00 0 
7ffb3441f000-7ffb38000000 ---p 00000000 00:00 0 
7ffb38000000-7ffb38021000 rw-p 00000000 00:00 0 
7ffb38021000-7ffb3c000000 ---p 00000000 00:00 0 
7ffb3c000000-7ffb3c1d6000 rw-p 00000000 00:00 0 
7ffb3c1d6000-7ffb40000000 ---p 00000000 00:00 0 
7ffb40000000-7ffb40021000 rw-p 00000000 00:00 0 
7ffb40021000-7ffb44000000 ---p 00000000 00:00 0 
7ffb44000000-7ffb44021000 rw-p 00000000 00:00 0 
7ffb44021000-7ffb48000000 ---p 00000000 00:00 0 
7ffb48000000-7ffb48021000 rw-p 00000000 00:00 0 
7ffb48021000-7ffb4c000000 ---p 00000000 00:00 0 
7ffb4c000000-7ffb4c021000 rw-p 00000000 00:00 0 
7ffb4c021000-7ffb50000000 ---p 00000000 00:00 0 
7ffb50000000-7ffb50021000 rw-p 00000000 00:00 0 
7ffb50021000-7ffb54000000 ---p 00000000 00:00 0 
7ffb54000000-7ffb54021000 rw-p 00000000 00:00 0 
7ffb54021000-7ffb58000000 ---p 00000000 00:00 0 
7ffb58000000-7ffb58021000 rw-p 00000000 00:00 0 
7ffb58021000-7ffb5c000000 ---p 00000000 00:00 0 
7ffb5c000000-7ffb5c004000 r--s 0002f000 08:02 6292594                    /home/ygrati/.m2/repository/commons-beanutils/commons-beanutils-core/1.8.0/commons-beanutils-core-1.8.0.jar
7ffb5c004000-7ffb5c00a000 r--s 00043000 08:02 6292588                    /home/ygrati/.m2/repository/commons-configuration/commons-configuration/1.6/commons-configuration-1.6.jar
7ffb5c00a000-7ffb5c013000 r--s 0006f000 08:02 6292507                    /home/ygrati/.m2/repository/log4j/log4j/1.2.17/log4j-1.2.17.jar
7ffb5c013000-7ffb5c015000 r--s 0000e000 08:02 6292501                    /home/ygrati/.m2/repository/commons-logging/commons-logging/1.1.3/commons-logging-1.1.3.jar
7ffb5c015000-7ffb5c016000 r--s 0000a000 08:02 6292442                    /home/ygrati/.m2/repository/asm/asm/3.1/asm-3.1.jar
7ffb5c016000-7ffb5c028000 r--s 0009d000 08:02 6292434                    /home/ygrati/.m2/repository/com/sun/jersey/jersey-server/1.9/jersey-server-1.9.jar
7ffb5c028000-7ffb5c032000 r--s 00066000 08:02 6292426                    /home/ygrati/.m2/repository/com/sun/jersey/jersey-core/1.9/jersey-core-1.9.jar
7ffb5c032000-7ffb5c03f000 r--s 00083000 08:02 6293176                    /home/ygrati/.m2/repository/commons-collections/commons-collections/3.2.2/commons-collections-3.2.2.jar
7ffb5c03f000-7ffb5c044000 r--s 0003e000 08:02 6292560                    /home/ygrati/.m2/repository/commons-net/commons-net/3.1/commons-net-3.1.jar
7ffb5c044000-7ffb5c061000 r--s 0016a000 08:02 6292556                    /home/ygrati/.m2/repository/org/apache/commons/commons-math3/3.1.1/commons-math3-3.1.1.jar
7ffb5c061000-7ffb5c082000 r--s 00172000 08:02 6292420                    /home/ygrati/.m2/repository/com/google/guava/guava/11.0.2/guava-11.0.2.jar
7ffb5c082000-7ffb5c083000 ---p 00000000 00:00 0 
7ffb5c083000-7ffb5c183000 rw-p 00000000 00:00 0 
7ffb5c183000-7ffb5c186000 ---p 00000000 00:00 0 
7ffb5c186000-7ffb5c284000 rw-p 00000000 00:00 0 
7ffb5c284000-7ffb5c287000 ---p 00000000 00:00 0 
7ffb5c287000-7ffb5c385000 rw-p 00000000 00:00 0 
7ffb5c385000-7ffb5c388000 ---p 00000000 00:00 0 
7ffb5c388000-7ffb5c486000 rw-p 00000000 00:00 0 
7ffb5c486000-7ffb5c489000 ---p 00000000 00:00 0 
7ffb5c489000-7ffb5c587000 rw-p 00000000 00:00 0 
7ffb5c587000-7ffb5c58a000 ---p 00000000 00:00 0 
7ffb5c58a000-7ffb5c688000 rw-p 00000000 00:00 0 
7ffb5c688000-7ffb5cd6b000 r--p 00000000 08:02 48241144                   /usr/lib/locale/locale-archive
7ffb5cd6b000-7ffb5cd6e000 ---p 00000000 00:00 0 
7ffb5cd6e000-7ffb5ce6c000 rw-p 00000000 00:00 0 
7ffb5ce6c000-7ffb5ce6f000 ---p 00000000 00:00 0 
7ffb5ce6f000-7ffb5cf6d000 rw-p 00000000 00:00 0 
7ffb5cf6d000-7ffb5cf6e000 ---p 00000000 00:00 0 
7ffb5cf6e000-7ffb61000000 rw-p 00000000 00:00 0 
7ffb61000000-7ffb613a0000 rwxp 00000000 00:00 0 
7ffb613a0000-7ffb70000000 ---p 00000000 00:00 0 
7ffb70000000-7ffb70840000 rw-p 00000000 00:00 0 
7ffb70840000-7ffb74000000 ---p 00000000 00:00 0 
7ffb74000000-7ffb74004000 r--s 0002a000 08:02 6292455                    /home/ygrati/.m2/repository/commons-io/commons-io/2.4/commons-io-2.4.jar
7ffb74004000-7ffb74006000 r--s 0000d000 08:02 6292446                    /home/ygrati/.m2/repository/commons-codec/commons-codec/1.4/commons-codec-1.4.jar
7ffb74006000-7ffb7400c000 r--s 00045000 08:02 6292558                    /home/ygrati/.m2/repository/commons-httpclient/commons-httpclient/3.1/commons-httpclient-3.1.jar
7ffb7400c000-7ffb7400e000 r--s 00009000 08:02 6292444                    /home/ygrati/.m2/repository/commons-cli/commons-cli/1.2/commons-cli-1.2.jar
7ffb7400e000-7ffb74088000 r--s 010f6000 08:02 49287690                   /usr/lib/jvm/java-8-oracle/lib/tools.jar
7ffb74088000-7ffb7408a000 r--s 00003000 08:02 7078321                    /home/ygrati/.m2/repository/org/apache/hadoop/hadoop-annotations/2.6.4/hadoop-annotations-2.6.4.jar
7ffb7408a000-7ffb740bf000 r--s 002f7000 08:02 7078283                    /home/ygrati/.m2/repository/org/apache/hadoop/hadoop-common/2.6.4/hadoop-common-2.6.4.jar
7ffb740bf000-7ffb740c1000 r--s 00014000 08:02 7078281                    /home/ygrati/.m2/repository/io/airlift/aircompressor/0.3/aircompressor-0.3.jar
7ffb740c1000-7ffb740c6000 r--s 00041000 08:02 6292499                    /home/ygrati/.m2/repository/commons-lang/commons-lang/2.6/commons-lang-2.6.jar
7ffb740c6000-7ffb740ce000 r--s 0007b000 08:02 6292509                    /home/ygrati/.m2/repository/com/google/protobuf/protobuf-java/2.5.0/protobuf-java-2.5.0.jar
7ffb740ce000-7ffb740d8000 r--s 000a9000 08:02 7078279                    /home/ygrati/.m2/repository/org/apache/orc/orc-core/1.4.0/orc-core-1.4.0.jar
7ffb740d8000-7ffb74eb8000 rw-p 00000000 00:00 0 
7ffb74eb8000-7ffb75091000 r--s 03d40000 08:02 50204919                   /usr/lib/jvm/java-8-oracle/jre/lib/rt.jar
7ffb75091000-7ffb75ce0000 rw-p 00000000 00:00 0 
7ffb75ce0000-7ffb75ce1000 ---p 00000000 00:00 0 
7ffb75ce1000-7ffb75de1000 rw-p 00000000 00:00 0 
7ffb75de1000-7ffb75de2000 ---p 00000000 00:00 0 
7ffb75de2000-7ffb75ee2000 rw-p 00000000 00:00 0 
7ffb75ee2000-7ffb75ee3000 ---p 00000000 00:00 0 
7ffb75ee3000-7ffb75fe3000 rw-p 00000000 00:00 0 
7ffb75fe3000-7ffb75fe4000 ---p 00000000 00:00 0 
7ffb75fe4000-7ffb7610e000 rw-p 00000000 00:00 0 
7ffb7610e000-7ffb76375000 ---p 00000000 00:00 0 
7ffb76375000-7ffb7639f000 rw-p 00000000 00:00 0 
7ffb7639f000-7ffb76605000 ---p 00000000 00:00 0 
7ffb76605000-7ffb7661b000 rw-p 00000000 00:00 0 
7ffb7661b000-7ffb7674e000 ---p 00000000 00:00 0 
7ffb7674e000-7ffb7675e000 rw-p 00000000 00:00 0 
7ffb7675e000-7ffb76b0f000 ---p 00000000 00:00 0 
7ffb76b0f000-7ffb76b29000 r-xp 00000000 08:02 50204788                   /usr/lib/jvm/java-8-oracle/jre/lib/amd64/libzip.so
7ffb76b29000-7ffb76d29000 ---p 0001a000 08:02 50204788                   /usr/lib/jvm/java-8-oracle/jre/lib/amd64/libzip.so
7ffb76d29000-7ffb76d2a000 rw-p 0001a000 08:02 50204788                   /usr/lib/jvm/java-8-oracle/jre/lib/amd64/libzip.so
7ffb76d2a000-7ffb76d34000 r-xp 00000000 08:02 10485854                   /lib/x86_64-linux-gnu/libnss_files-2.19.so
7ffb76d34000-7ffb76f33000 ---p 0000a000 08:02 10485854                   /lib/x86_64-linux-gnu/libnss_files-2.19.so
7ffb76f33000-7ffb76f34000 r--p 00009000 08:02 10485854                   /lib/x86_64-linux-gnu/libnss_files-2.19.so
7ffb76f34000-7ffb76f35000 rw-p 0000a000 08:02 10485854                   /lib/x86_64-linux-gnu/libnss_files-2.19.so
7ffb76f35000-7ffb76f40000 r-xp 00000000 08:02 10490142                   /lib/x86_64-linux-gnu/libnss_nis-2.19.so
7ffb76f40000-7ffb7713f000 ---p 0000b000 08:02 10490142                   /lib/x86_64-linux-gnu/libnss_nis-2.19.so
7ffb7713f000-7ffb77140000 r--p 0000a000 08:02 10490142                   /lib/x86_64-linux-gnu/libnss_nis-2.19.so
7ffb77140000-7ffb77141000 rw-p 0000b000 08:02 10490142                   /lib/x86_64-linux-gnu/libnss_nis-2.19.so
7ffb77141000-7ffb77158000 r-xp 00000000 08:02 10485850                   /lib/x86_64-linux-gnu/libnsl-2.19.so
7ffb77158000-7ffb77357000 ---p 00017000 08:02 10485850                   /lib/x86_64-linux-gnu/libnsl-2.19.so
7ffb77357000-7ffb77358000 r--p 00016000 08:02 10485850                   /lib/x86_64-linux-gnu/libnsl-2.19.so
7ffb77358000-7ffb77359000 rw-p 00017000 08:02 10485850                   /lib/x86_64-linux-gnu/libnsl-2.19.so
7ffb77359000-7ffb7735b000 rw-p 00000000 00:00 0 
7ffb7735b000-7ffb77364000 r-xp 00000000 08:02 10487055                   /lib/x86_64-linux-gnu/libnss_compat-2.19.so
7ffb77364000-7ffb77563000 ---p 00009000 08:02 10487055                   /lib/x86_64-linux-gnu/libnss_compat-2.19.so
7ffb77563000-7ffb77564000 r--p 00008000 08:02 10487055                   /lib/x86_64-linux-gnu/libnss_compat-2.19.so
7ffb77564000-7ffb77565000 rw-p 00009000 08:02 10487055                   /lib/x86_64-linux-gnu/libnss_compat-2.19.so
7ffb77565000-7ffb77590000 r-xp 00000000 08:02 50204775                   /usr/lib/jvm/java-8-oracle/jre/lib/amd64/libjava.so
7ffb77590000-7ffb7778f000 ---p 0002b000 08:02 50204775                   /usr/lib/jvm/java-8-oracle/jre/lib/amd64/libjava.so
7ffb7778f000-7ffb77791000 rw-p 0002a000 08:02 50204775                   /usr/lib/jvm/java-8-oracle/jre/lib/amd64/libjava.so
7ffb77791000-7ffb7779e000 r-xp 00000000 08:02 50204738                   /usr/lib/jvm/java-8-oracle/jre/lib/amd64/libverify.so
7ffb7779e000-7ffb7799d000 ---p 0000d000 08:02 50204738                   /usr/lib/jvm/java-8-oracle/jre/lib/amd64/libverify.so
7ffb7799d000-7ffb7799f000 rw-p 0000c000 08:02 50204738                   /usr/lib/jvm/java-8-oracle/jre/lib/amd64/libverify.so
7ffb7799f000-7ffb779a6000 r-xp 00000000 08:02 10485862                   /lib/x86_64-linux-gnu/librt-2.19.so
7ffb779a6000-7ffb77ba5000 ---p 00007000 08:02 10485862                   /lib/x86_64-linux-gnu/librt-2.19.so
7ffb77ba5000-7ffb77ba6000 r--p 00006000 08:02 10485862                   /lib/x86_64-linux-gnu/librt-2.19.so
7ffb77ba6000-7ffb77ba7000 rw-p 00007000 08:02 10485862                   /lib/x86_64-linux-gnu/librt-2.19.so
7ffb77ba7000-7ffb77cac000 r-xp 00000000 08:02 10485856                   /lib/x86_64-linux-gnu/libm-2.19.so
7ffb77cac000-7ffb77eab000 ---p 00105000 08:02 10485856                   /lib/x86_64-linux-gnu/libm-2.19.so
7ffb77eab000-7ffb77eac000 r--p 00104000 08:02 10485856                   /lib/x86_64-linux-gnu/libm-2.19.so
7ffb77eac000-7ffb77ead000 rw-p 00105000 08:02 10485856                   /lib/x86_64-linux-gnu/libm-2.19.so
7ffb77ead000-7ffb78b7c000 r-xp 00000000 08:02 50204767                   /usr/lib/jvm/java-8-oracle/jre/lib/amd64/server/libjvm.so
7ffb78b7c000-7ffb78d7c000 ---p 00ccf000 08:02 50204767                   /usr/lib/jvm/java-8-oracle/jre/lib/amd64/server/libjvm.so
7ffb78d7c000-7ffb78e55000 rw-p 00ccf000 08:02 50204767                   /usr/lib/jvm/java-8-oracle/jre/lib/amd64/server/libjvm.so
7ffb78e55000-7ffb78ea0000 rw-p 00000000 00:00 0 
7ffb78ea0000-7ffb7905e000 r-xp 00000000 08:02 10485857                   /lib/x86_64-linux-gnu/libc-2.19.so
7ffb7905e000-7ffb7925e000 ---p 001be000 08:02 10485857                   /lib/x86_64-linux-gnu/libc-2.19.so
7ffb7925e000-7ffb79262000 r--p 001be000 08:02 10485857                   /lib/x86_64-linux-gnu/libc-2.19.so
7ffb79262000-7ffb79264000 rw-p 001c2000 08:02 10485857                   /lib/x86_64-linux-gnu/libc-2.19.so
7ffb79264000-7ffb79269000 rw-p 00000000 00:00 0 
7ffb79269000-7ffb7926c000 r-xp 00000000 08:02 10485861                   /lib/x86_64-linux-gnu/libdl-2.19.so
7ffb7926c000-7ffb7946b000 ---p 00003000 08:02 10485861                   /lib/x86_64-linux-gnu/libdl-2.19.so
7ffb7946b000-7ffb7946c000 r--p 00002000 08:02 10485861                   /lib/x86_64-linux-gnu/libdl-2.19.so
7ffb7946c000-7ffb7946d000 rw-p 00003000 08:02 10485861                   /lib/x86_64-linux-gnu/libdl-2.19.so
7ffb7946d000-7ffb79482000 r-xp 00000000 08:02 49415269                   /usr/lib/jvm/java-8-oracle/lib/amd64/jli/libjli.so
7ffb79482000-7ffb79682000 ---p 00015000 08:02 49415269                   /usr/lib/jvm/java-8-oracle/lib/amd64/jli/libjli.so
7ffb79682000-7ffb79683000 rw-p 00015000 08:02 49415269                   /usr/lib/jvm/java-8-oracle/lib/amd64/jli/libjli.so
7ffb79683000-7ffb7969c000 r-xp 00000000 08:02 10485858                   /lib/x86_64-linux-gnu/libpthread-2.19.so
7ffb7969c000-7ffb7989b000 ---p 00019000 08:02 10485858                   /lib/x86_64-linux-gnu/libpthread-2.19.so
7ffb7989b000-7ffb7989c000 r--p 00018000 08:02 10485858                   /lib/x86_64-linux-gnu/libpthread-2.19.so
7ffb7989c000-7ffb7989d000 rw-p 00019000 08:02 10485858                   /lib/x86_64-linux-gnu/libpthread-2.19.so
7ffb7989d000-7ffb798a1000 rw-p 00000000 00:00 0 
7ffb798a1000-7ffb798c4000 r-xp 00000000 08:02 10487053                   /lib/x86_64-linux-gnu/ld-2.19.so
7ffb798c4000-7ffb798c5000 r--s 00003000 08:02 6292519                    /home/ygrati/.m2/repository/xmlenc/xmlenc/0.52/xmlenc-0.52.jar
7ffb798c5000-7ffb798c8000 r--s 00006000 08:02 8126778                    /home/ygrati/.m2/repository/com/fasterxml/jackson/core/jackson-annotations/2.2.3/jackson-annotations-2.2.3.jar
7ffb798c8000-7ffb798d9000 r--s 000c3000 08:02 8126776                    /home/ygrati/.m2/repository/com/fasterxml/jackson/core/jackson-databind/2.2.3/jackson-databind-2.2.3.jar
7ffb798d9000-7ffb799a4000 rw-p 00000000 00:00 0 
7ffb799a4000-7ffb799a7000 ---p 00000000 00:00 0 
7ffb799a7000-7ffb79aa9000 rw-p 00000000 00:00 0 
7ffb79aa9000-7ffb79aaa000 r--s 00003000 08:02 8126643                    /home/ygrati/.m2/repository/com/googlecode/json-simple/json-simple/1.1/json-simple-1.1.jar
7ffb79aaa000-7ffb79aae000 r--s 0002d000 08:02 8126774                    /home/ygrati/.m2/repository/com/fasterxml/jackson/core/jackson-core/2.3.0/jackson-core-2.3.0.jar
7ffb79aae000-7ffb79ab7000 r--s 0004e000 08:02 8126772                    /home/ygrati/.m2/repository/com/fasterxml/jackson/dataformat/jackson-dataformat-yaml/2.3.0/jackson-dataformat-yaml-2.3.0.jar
7ffb79ab7000-7ffb79abf000 rw-s 00000000 08:02 38535225                   /tmp/hsperfdata_ygrati/23385
7ffb79abf000-7ffb79ac0000 rw-p 00000000 00:00 0 
7ffb79ac0000-7ffb79ac1000 r--p 00000000 00:00 0 
7ffb79ac1000-7ffb79ac3000 rw-p 00000000 00:00 0 
7ffb79ac3000-7ffb79ac4000 r--p 00022000 08:02 10487053                   /lib/x86_64-linux-gnu/ld-2.19.so
7ffb79ac4000-7ffb79ac5000 rw-p 00023000 08:02 10487053                   /lib/x86_64-linux-gnu/ld-2.19.so
7ffb79ac5000-7ffb79ac6000 rw-p 00000000 00:00 0 
7ffe7de34000-7ffe7de56000 rw-p 00000000 00:00 0                          [stack]
7ffe7df8e000-7ffe7df90000 r--p 00000000 00:00 0                          [vvar]
7ffe7df90000-7ffe7df92000 r-xp 00000000 00:00 0                          [vdso]
ffffffffff600000-ffffffffff601000 r-xp 00000000 00:00 0                  [vsyscall]

VM Arguments:
jvm_args: -Dfile.encoding=UTF-8 
java_command: com.tcb.kafka.ConsumerToOrc
java_class_path (initial): /home/ygrati/workspace/writeToOrcWithKafka/target/classes:/home/ygrati/.m2/repository/com/fasterxml/jackson/dataformat/jackson-dataformat-yaml/2.3.0/jackson-dataformat-yaml-2.3.0.jar:/home/ygrati/.m2/repository/com/fasterxml/jackson/core/jackson-core/2.3.0/jackson-core-2.3.0.jar:/home/ygrati/.m2/repository/com/fasterxml/jackson/core/jackson-databind/2.2.3/jackson-databind-2.2.3.jar:/home/ygrati/.m2/repository/com/fasterxml/jackson/core/jackson-annotations/2.2.3/jackson-annotations-2.2.3.jar:/home/ygrati/.m2/repository/com/googlecode/json-simple/json-simple/1.1/json-simple-1.1.jar:/home/ygrati/.m2/repository/org/apache/orc/orc-core/1.4.0/orc-core-1.4.0.jar:/home/ygrati/.m2/repository/com/google/protobuf/protobuf-java/2.5.0/protobuf-java-2.5.0.jar:/home/ygrati/.m2/repository/commons-lang/commons-lang/2.6/commons-lang-2.6.jar:/home/ygrati/.m2/repository/io/airlift/aircompressor/0.3/aircompressor-0.3.jar:/home/ygrati/.m2/repository/org/apache/hadoop/hadoop-common/2.6.4/hadoop-common-2.6.4.jar:/home/ygrati/.m2/repository/org/apache/hadoop/hadoop-annotations/2.6.4/hadoop-annotations-2.6.4.jar:/usr/lib/jvm/java-8-oracle/lib/tools.jar:/home/ygrati/.m2/repository/com/google/guava/guava/11.0.2/guava-11.0.2.jar:/home/ygrati/.m2/repository/commons-cli/commons-cli/1.2/commons-cli-1.2.jar:/home/ygrati/.m2/repository/org/apache/commons/commons-math3/3.1.1/commons-math3-3.1.1.jar:/home/ygrati/.m2/repository/xmlenc/xmlenc/0.52/xmlenc-0.52.jar:/home/ygrati/.m2/repository/commons-httpclient/commons-httpclient/3.1/commons-httpclient-3.1.jar:/home/ygrati/.m2/repository/commons-codec/commons-codec/1.4/commons-codec-1.4.jar:/home/ygrati/.m2/repository/commons-io/commons-io/2.4/commons-io-2.4.jar:/home/ygrati/.m2/repository/commons-net/commons-net/3.1/commons-net-3.1.jar:/home/ygrati/.m2/repository/commons-collections/commons-collections/3.2.2/commons-collections-3.2.2.jar:/home/ygrati/.m2/repository/com/sun/jersey/jersey-core/1.9/jersey-core-1.9.jar:/home/ygra
Launcher Type: SUN_STANDARD

Environment Variables:
JAVA_HOME=/usr/lib/jvm/java-8-oracle
PATH=/usr/local/sbin:/usr/local/bin:/usr/sbin:/usr/bin:/sbin:/bin:/usr/games:/usr/local/games:/usr/lib/jvm/java-8-oracle/bin:/usr/lib/jvm/java-8-oracle/db/bin:/usr/lib/jvm/java-8-oracle/jre/bin
SHELL=/bin/bash
DISPLAY=:0

Signal Handlers:
SIGSEGV: [libjvm.so+0xac8af0], sa_mask[0]=11111111011111111101111111111110, sa_flags=SA_RESTART|SA_SIGINFO
SIGBUS: [libjvm.so+0xac8af0], sa_mask[0]=11111111011111111101111111111110, sa_flags=SA_RESTART|SA_SIGINFO
SIGFPE: [libjvm.so+0x921dd0], sa_mask[0]=11111111011111111101111111111110, sa_flags=SA_RESTART|SA_SIGINFO
SIGPIPE: [libjvm.so+0x921dd0], sa_mask[0]=11111111011111111101111111111110, sa_flags=SA_RESTART|SA_SIGINFO
SIGXFSZ: [libjvm.so+0x921dd0], sa_mask[0]=11111111011111111101111111111110, sa_flags=SA_RESTART|SA_SIGINFO
SIGILL: [libjvm.so+0x921dd0], sa_mask[0]=11111111011111111101111111111110, sa_flags=SA_RESTART|SA_SIGINFO
SIGUSR1: SIG_DFL, sa_mask[0]=00000000000000000000000000000000, sa_flags=none
SIGUSR2: [libjvm.so+0x923610], sa_mask[0]=00100000000000000000000000000000, sa_flags=SA_RESTART|SA_SIGINFO
SIGHUP: [libjvm.so+0x924a10], sa_mask[0]=11111111011111111101111111111110, sa_flags=SA_RESTART|SA_SIGINFO
SIGINT: [libjvm.so+0x924a10], sa_mask[0]=11111111011111111101111111111110, sa_flags=SA_RESTART|SA_SIGINFO
SIGTERM: [libjvm.so+0x924a10], sa_mask[0]=11111111011111111101111111111110, sa_flags=SA_RESTART|SA_SIGINFO
SIGQUIT: [libjvm.so+0x924a10], sa_mask[0]=11111111011111111101111111111110, sa_flags=SA_RESTART|SA_SIGINFO


---------------  S Y S T E M  ---------------

OS:DISTRIB_ID=Ubuntu
DISTRIB_RELEASE=14.04
DISTRIB_CODENAME=trusty
DISTRIB_DESCRIPTION="Ubuntu 14.04.5 LTS"

uname:Linux 4.4.0-87-generic #110~14.04.1-Ubuntu SMP Tue Jul 18 14:51:32 UTC 2017 x86_64
libc:glibc 2.19 NPTL 2.19 
rlimit: STACK 8192k, CORE 0k, NPROC 30529, NOFILE 4096, AS infinity
load average:27,70 26,68 15,29

/proc/meminfo:
MemTotal:        8067008 kB
MemFree:          710960 kB
MemAvailable:    1489360 kB
Buffers:           41868 kB
Cached:          1239736 kB
SwapCached:            0 kB
Active:          5704944 kB
Inactive:        1407564 kB
Active(anon):    5209424 kB
Inactive(anon):   936232 kB
Active(file):     495520 kB
Inactive(file):   471332 kB
Unevictable:          76 kB
Mlocked:              76 kB
SwapTotal:       8279036 kB
SwapFree:        8278484 kB
Dirty:               404 kB
Writeback:             0 kB
AnonPages:       5831008 kB
Mapped:           358752 kB
Shmem:            314752 kB
Slab:             113952 kB
SReclaimable:      72616 kB
SUnreclaim:        41336 kB
KernelStack:       13056 kB
PageTables:        50428 kB
NFS_Unstable:          0 kB
Bounce:                0 kB
WritebackTmp:          0 kB
CommitLimit:    12312540 kB
Committed_AS:   11263228 kB
VmallocTotal:   34359738367 kB
VmallocUsed:           0 kB
VmallocChunk:          0 kB
HardwareCorrupted:     0 kB
AnonHugePages:   4298752 kB
CmaTotal:              0 kB
CmaFree:               0 kB
HugePages_Total:       0
HugePages_Free:        0
HugePages_Rsvd:        0
HugePages_Surp:        0
Hugepagesize:       2048 kB
DirectMap4k:      188860 kB
DirectMap2M:     5994496 kB
DirectMap1G:     2097152 kB


CPU:total 4 (initial active 4) (2 cores per cpu, 2 threads per core) family 6 model 78 stepping 3, cmov, cx8, fxsr, mmx, sse, sse2, sse3, ssse3, sse4.1, sse4.2, popcnt, avx, avx2, aes, clmul, erms, 3dnowpref, lzcnt, ht, tsc, tscinvbit, bmi1, bmi2, adx

/proc/cpuinfo:
processor	: 0
vendor_id	: GenuineIntel
cpu family	: 6
model		: 78
model name	: Intel(R) Core(TM) i5-6200U CPU @ 2.30GHz
stepping	: 3
microcode	: 0x33
cpu MHz		: 2699.906
cache size	: 3072 KB
physical id	: 0
siblings	: 4
core id		: 0
cpu cores	: 2
apicid		: 0
initial apicid	: 0
fpu		: yes
fpu_exception	: yes
cpuid level	: 22
wp		: yes
flags		: fpu vme de pse tsc msr pae mce cx8 apic sep mtrr pge mca cmov pat pse36 clflush dts acpi mmx fxsr sse sse2 ss ht tm pbe syscall nx pdpe1gb rdtscp lm constant_tsc art arch_perfmon pebs bts rep_good nopl xtopology nonstop_tsc aperfmperf eagerfpu pni pclmulqdq dtes64 monitor ds_cpl vmx est tm2 ssse3 sdbg fma cx16 xtpr pdcm pcid sse4_1 sse4_2 x2apic movbe popcnt tsc_deadline_timer aes xsave avx f16c rdrand lahf_lm abm 3dnowprefetch epb intel_pt tpr_shadow vnmi flexpriority ept vpid fsgsbase tsc_adjust bmi1 avx2 smep bmi2 erms invpcid mpx rdseed adx smap clflushopt xsaveopt xsavec xgetbv1 dtherm ida arat pln pts hwp hwp_notify hwp_act_window hwp_epp
bugs		:
bogomips	: 4799.90
clflush size	: 64
cache_alignment	: 64
address sizes	: 39 bits physical, 48 bits virtual
power management:

processor	: 1
vendor_id	: GenuineIntel
cpu family	: 6
model		: 78
model name	: Intel(R) Core(TM) i5-6200U CPU @ 2.30GHz
stepping	: 3
microcode	: 0x33
cpu MHz		: 2700.000
cache size	: 3072 KB
physical id	: 0
siblings	: 4
core id		: 1
cpu cores	: 2
apicid		: 2
initial apicid	: 2
fpu		: yes
fpu_exception	: yes
cpuid level	: 22
wp		: yes
flags		: fpu vme de pse tsc msr pae mce cx8 apic sep mtrr pge mca cmov pat pse36 clflush dts acpi mmx fxsr sse sse2 ss ht tm pbe syscall nx pdpe1gb rdtscp lm constant_tsc art arch_perfmon pebs bts rep_good nopl xtopology nonstop_tsc aperfmperf eagerfpu pni pclmulqdq dtes64 monitor ds_cpl vmx est tm2 ssse3 sdbg fma cx16 xtpr pdcm pcid sse4_1 sse4_2 x2apic movbe popcnt tsc_deadline_timer aes xsave avx f16c rdrand lahf_lm abm 3dnowprefetch epb intel_pt tpr_shadow vnmi flexpriority ept vpid fsgsbase tsc_adjust bmi1 avx2 smep bmi2 erms invpcid mpx rdseed adx smap clflushopt xsaveopt xsavec xgetbv1 dtherm ida arat pln pts hwp hwp_notify hwp_act_window hwp_epp
bugs		:
bogomips	: 4799.90
clflush size	: 64
cache_alignment	: 64
address sizes	: 39 bits physical, 48 bits virtual
power management:

processor	: 2
vendor_id	: GenuineIntel
cpu family	: 6
model		: 78
model name	: Intel(R) Core(TM) i5-6200U CPU @ 2.30GHz
stepping	: 3
microcode	: 0x33
cpu MHz		: 2700.000
cache size	: 3072 KB
physical id	: 0
siblings	: 4
core id		: 0
cpu cores	: 2
apicid		: 1
initial apicid	: 1
fpu		: yes
fpu_exception	: yes
cpuid level	: 22
wp		: yes
flags		: fpu vme de pse tsc msr pae mce cx8 apic sep mtrr pge mca cmov pat pse36 clflush dts acpi mmx fxsr sse sse2 ss ht tm pbe syscall nx pdpe1gb rdtscp lm constant_tsc art arch_perfmon pebs bts rep_good nopl xtopology nonstop_tsc aperfmperf eagerfpu pni pclmulqdq dtes64 monitor ds_cpl vmx est tm2 ssse3 sdbg fma cx16 xtpr pdcm pcid sse4_1 sse4_2 x2apic movbe popcnt tsc_deadline_timer aes xsave avx f16c rdrand lahf_lm abm 3dnowprefetch epb intel_pt tpr_shadow vnmi flexpriority ept vpid fsgsbase tsc_adjust bmi1 avx2 smep bmi2 erms invpcid mpx rdseed adx smap clflushopt xsaveopt xsavec xgetbv1 dtherm ida arat pln pts hwp hwp_notify hwp_act_window hwp_epp
bugs		:
bogomips	: 4799.90
clflush size	: 64
cache_alignment	: 64
address sizes	: 39 bits physical, 48 bits virtual
power management:

processor	: 3
vendor_id	: GenuineIntel
cpu family	: 6
model		: 78
model name	: Intel(R) Core(TM) i5-6200U CPU @ 2.30GHz
stepping	: 3
microcode	: 0x33
cpu MHz		: 2699.906
cache size	: 3072 KB
physical id	: 0
siblings	: 4
core id		: 1
cpu cores	: 2
apicid		: 3
initial apicid	: 3
fpu		: yes
fpu_exception	: yes
cpuid level	: 22
wp		: yes
flags		: fpu vme de pse tsc msr pae mce cx8 apic sep mtrr pge mca cmov pat pse36 clflush dts acpi mmx fxsr sse sse2 ss ht tm pbe syscall nx pdpe1gb rdtscp lm constant_tsc art arch_perfmon pebs bts rep_good nopl xtopology nonstop_tsc aperfmperf eagerfpu pni pclmulqdq dtes64 monitor ds_cpl vmx est tm2 ssse3 sdbg fma cx16 xtpr pdcm pcid sse4_1 sse4_2 x2apic movbe popcnt tsc_deadline_timer aes xsave avx f16c rdrand lahf_lm abm 3dnowprefetch epb intel_pt tpr_shadow vnmi flexpriority ept vpid fsgsbase tsc_adjust bmi1 avx2 smep bmi2 erms invpcid mpx rdseed adx smap clflushopt xsaveopt xsavec xgetbv1 dtherm ida arat pln pts hwp hwp_notify hwp_act_window hwp_epp
bugs		:
bogomips	: 4799.90
clflush size	: 64
cache_alignment	: 64
address sizes	: 39 bits physical, 48 bits virtual
power management:



Memory: 4k page, physical 8067008k(710960k free), swap 8279036k(8278484k free)

vm_info: Java HotSpot(TM) 64-Bit Server VM (25.131-b11) for linux-amd64 JRE (1.8.0_131-b11), built on Mar 15 2017 01:23:40 by "java_re" with gcc 4.3.0 20080428 (Red Hat 4.3.0-8)

time: Wed Sep 20 11:39:38 2017
elapsed time: 5 seconds (0d 0h 0m 5s)

